This is e-TeX, Version 3.14159-1.1 (Web2c 7.0) (format=latex 97.10.20)  21 JAN 2006 22:42
entering compatibility mode
**./images.tex
(./images.tex
LaTeX2e <1997/06/01>
Babel <v3.6h> and hyphenation patterns for american, dutch, loaded.

(/local2/teTeX/texmf/tex/latex/base/article.cls
Document Class: article 1997/06/16 v1.3v Standard LaTeX document class
(/local2/teTeX/texmf/tex/latex/base/size11.clo
File: size11.clo 1997/06/16 v1.3v Standard LaTeX file (size option)
)
\c@part=\count79
\c@section=\count80
\c@subsection=\count81
\c@subsubsection=\count82
\c@paragraph=\count83
\c@subparagraph=\count84
\c@figure=\count85
\c@table=\count86
\abovecaptionskip=\skip41
\belowcaptionskip=\skip42
\bibindent=\dimen102
) (/local2/teTeX/texmf/tex/latex/base/ifthen.sty
Package: ifthen 1996/08/02 v1.0m Standard LaTeX ifthen package (DPC)
) (/local2/teTeX/texmf/tex/latex/fancyhdr/fancyhdr.sty
\headwidth=\dimen103
) (/local2/teTeX/texmf/tex/latex/amslatex/amsmath.sty
Package: amsmath 1997/03/20 v1.2d AMS math features
\@mathmargin=\skip43
(/local2/teTeX/texmf/tex/latex/amslatex/amstext.sty
Package: amstext 1996/10/28 v1.2b
(/local2/teTeX/texmf/tex/latex/amslatex/amsgen.sty
File: amsgen 1996/10/29 v1.2b
\@emptytoks=\toks14
\ex@=\dimen104
)) (/local2/teTeX/texmf/tex/latex/amslatex/amsbsy.sty
Package: amsbsy 1996/10/28 v1.2b
\pmbraise@=\dimen105
) (/local2/teTeX/texmf/tex/latex/amslatex/amsopn.sty
Package: amsopn 1996/10/28 v1.2b operator names
)
LaTeX Info: Redefining \frac on input line 188.
\uproot@=\count87
\leftroot@=\count88
\classnum@=\count89
\DOTSCASE@=\count90
LaTeX Info: Redefining \dots on input line 335.
LaTeX Info: Redefining \ldots on input line 418.
LaTeX Info: Redefining \cdots on input line 422.
\Mathstrutbox@=\box26
\strutbox@=\box27
\big@size=\dimen106
LaTeX Font Info:    Redeclaring font encoding OML on input line 500.
LaTeX Font Info:    Redeclaring font encoding OMS on input line 501.
\skewcharcount@=\count91
\familycount@=\count92
\pointcount@=\count93
\accentdimen@=\dimen107
\accentmu@=\count94
\minaw@=\dimen108
\c@MaxMatrixCols=\count95
\dotsspace@=\muskip10
\c@parentequation=\count96
\dspbrk@lvl=\count97
\tag@help=\toks15
\row@=\count98
\column@=\count99
\maxfields@=\count100
\andhelp@=\toks16
\eqnshift@=\dimen109
\alignsep@=\dimen110
\tagshift@=\dimen111
\tagwidth@=\dimen112
\totwidth@=\dimen113
\lineht@=\dimen114
\@envbody=\toks17
\multlinegap=\skip44
\multlinetaggap=\skip45
) (/local2/teTeX/texmf/tex/latex/amsfonts/amssymb.sty
Package: amssymb 1996/11/03 v2.2b
(/local2/teTeX/texmf/tex/latex/amsfonts/amsfonts.sty
Package: amsfonts 1997/09/17 v2.2e
\symAMSa=\mathgroup4
\symAMSb=\mathgroup5
LaTeX Font Info:    Overwriting math alphabet `\mathfrak' in version `bold'
(Font)                  U/euf/m/n --> U/euf/b/n on input line 133.
)) (/local2/teTeX/texmf/tex/latex/graphics/graphicx.sty
Package: graphicx 1997/06/09 v1.0d Enhanced LaTeX Graphics (DPC,SPQR)
(/local2/teTeX/texmf/tex/latex/graphics/keyval.sty
Package: keyval 1995/09/21 v1.09 key=value parser (DPC)
) (/local2/teTeX/texmf/tex/latex/graphics/graphics.sty
Package: graphics 1997/06/07 v1.0d Standard LaTeX Graphics (DPC,SPQR)
(/local2/teTeX/texmf/tex/latex/graphics/trig.sty
Package: trig 1994/10/16 v1.08 sin cos tan (DPC)
) (/local2/teTeX/texmf/tex/latex/config/graphics.cfg)
Package graphics Info: Driver file: dvips.def on input line 84.
(/local2/teTeX/texmf/tex/latex/graphics/dvips.def
File: dvips.def 1996/12/12 v3.0d Driver-dependant file (DPC,SPQR)
))
\Gin@req@height=\dimen115
\Gin@req@width=\dimen116
) (/local2/teTeX/texmf/tex/latex/graphics/color.sty
Package: color 1997/06/07 v1.0e Standard LaTeX Color (DPC)
(/local2/teTeX/texmf/tex/latex/config/color.cfg)
Package color Info: Driver file: dvips.def on input line 129.
(/local2/teTeX/texmf/tex/latex/graphics/dvipsnam.def
File: dvipsnam.def 1996/12/12 v3.0d Driver-dependant file (DPC,SPQR)
)) (/local2/teTeX/texmf/tex/latex/base/inputenc.sty beta test version
Package: inputenc 1997/05/10 v0.9z Input encoding file (test version: still lia
ble to change)
)
\sizebox=\box28
\lthtmlwrite=\write3
No file images.aux.
\openout1 = `images.aux'.

LaTeX Font Info:    Checking defaults for OML/cmm/m/it on input line 204.
LaTeX Font Info:    ... okay on input line 204.
LaTeX Font Info:    Checking defaults for T1/cmr/m/n on input line 204.
LaTeX Font Info:    ... okay on input line 204.
LaTeX Font Info:    Checking defaults for OT1/cmr/m/n on input line 204.
LaTeX Font Info:    ... okay on input line 204.
LaTeX Font Info:    Checking defaults for OMS/cmsy/m/n on input line 204.
LaTeX Font Info:    ... okay on input line 204.
LaTeX Font Info:    Checking defaults for OMX/cmex/m/n on input line 204.
LaTeX Font Info:    ... okay on input line 204.
LaTeX Font Info:    Checking defaults for U/cmr/m/n on input line 204.
LaTeX Font Info:    ... okay on input line 204.

latex2htmlLength hsize=349.0pt

latex2htmlLength vsize=652.16254pt

latex2htmlLength hoffset=0.0pt

latex2htmlLength voffset=0.0pt

latex2htmlLength topmargin=0.0pt

latex2htmlLength topskip=0.00003pt

latex2htmlLength headheight=0.0pt

latex2htmlLength headsep=0.0pt

latex2htmlLength parskip=4.26773pt

latex2htmlLength oddsidemargin=54.0pt

latex2htmlLength evensidemargin=54.0pt

LaTeX Font Info:    Try loading font information for U+msa on input line 228.
(/local2/teTeX/texmf/tex/latex/amsfonts/umsa.fd
File: umsa.fd 1995/01/05 v2.2e AMS font definitions
)
LaTeX Font Info:    Try loading font information for U+msb on input line 228.
(/local2/teTeX/texmf/tex/latex/amsfonts/umsb.fd
File: umsb.fd 1995/01/05 v2.2e AMS font definitions
)
l2hSize :tex2html_wrap_inline458:7.60416pt::0.0pt::24.10518pt.
[1



]
l2hSize :tex2html_wrap_inline462:7.07185pt::0.0pt::9.06422pt.
[2


]
l2hSize :tex2html_wrap_inline465:8.10416pt::8.10416pt::24.10518pt.
[3


] (images.aux) ) 
Here is how much of TeX's memory you used:
 1736 strings out of 10873
 19024 string characters out of 72802
 62869 words of memory out of 700001
 4631 multiletter control sequences out of 10000+0
 8297 words of font info for 32 fonts, out of 200000 for 500
 14 hyphenation exceptions out of 1000
 27i,5n,40p,225b,227s stack positions out of 300i,100n,500p,10000b,4000s

Output written on images.dvi (3 pages, 868 bytes).
